{"E:\\Projet\\atypikhouse-ssr\\api\\controllers\\adminController.js": {"path":"E:\\Projet\\atypikhouse-ssr\\api\\controllers\\adminController.js","statementMap":{"0":{"start":{"line":1,"column":13},"end":{"line":1,"column":38}},"1":{"start":{"line":19,"column":15},"end":{"line":19,"column":34}},"2":{"start":{"line":21,"column":0},"end":{"line":59,"column":2}},"3":{"start":{"line":22,"column":2},"end":{"line":58,"column":3}},"4":{"start":{"line":23,"column":38},"end":{"line":23,"column":46}},"5":{"start":{"line":26,"column":4},"end":{"line":30,"column":5}},"6":{"start":{"line":27,"column":6},"end":{"line":29,"column":70}},"7":{"start":{"line":33,"column":25},"end":{"line":33,"column":54}},"8":{"start":{"line":34,"column":4},"end":{"line":38,"column":5}},"9":{"start":{"line":35,"column":6},"end":{"line":37,"column":66}},"10":{"start":{"line":41,"column":27},"end":{"line":41,"column":58}},"11":{"start":{"line":43,"column":17},"end":{"line":48,"column":6}},"12":{"start":{"line":49,"column":4},"end":{"line":49,"column":22}},"13":{"start":{"line":51,"column":4},"end":{"line":51,"column":56}},"14":{"start":{"line":53,"column":4},"end":{"line":57,"column":7}},"15":{"start":{"line":61,"column":0},"end":{"line":82,"column":2}},"16":{"start":{"line":62,"column":2},"end":{"line":81,"column":3}},"17":{"start":{"line":63,"column":19},"end":{"line":63,"column":29}},"18":{"start":{"line":64,"column":28},"end":{"line":64,"column":36}},"19":{"start":{"line":66,"column":24},"end":{"line":70,"column":5}},"20":{"start":{"line":72,"column":4},"end":{"line":74,"column":5}},"21":{"start":{"line":73,"column":6},"end":{"line":73,"column":65}},"22":{"start":{"line":76,"column":4},"end":{"line":78,"column":73}},"23":{"start":{"line":80,"column":4},"end":{"line":80,"column":68}},"24":{"start":{"line":85,"column":0},"end":{"line":100,"column":2}},"25":{"start":{"line":86,"column":17},"end":{"line":86,"column":27}},"26":{"start":{"line":87,"column":19},"end":{"line":87,"column":27}},"27":{"start":{"line":89,"column":2},"end":{"line":99,"column":3}},"28":{"start":{"line":90,"column":17},"end":{"line":90,"column":74}},"29":{"start":{"line":91,"column":4},"end":{"line":95,"column":5}},"30":{"start":{"line":92,"column":6},"end":{"line":94,"column":61}},"31":{"start":{"line":96,"column":4},"end":{"line":96,"column":56}},"32":{"start":{"line":98,"column":4},"end":{"line":98,"column":79}},"33":{"start":{"line":102,"column":0},"end":{"line":114,"column":2}},"34":{"start":{"line":103,"column":2},"end":{"line":113,"column":3}},"35":{"start":{"line":104,"column":19},"end":{"line":104,"column":29}},"36":{"start":{"line":105,"column":4},"end":{"line":105,"column":37}},"37":{"start":{"line":106,"column":4},"end":{"line":106,"column":77}},"38":{"start":{"line":108,"column":4},"end":{"line":112,"column":7}},"39":{"start":{"line":117,"column":14},"end":{"line":117,"column":40}},"40":{"start":{"line":119,"column":18},"end":{"line":126,"column":1}},"41":{"start":{"line":128,"column":0},"end":{"line":150,"column":2}},"42":{"start":{"line":129,"column":2},"end":{"line":149,"column":3}},"43":{"start":{"line":130,"column":19},"end":{"line":130,"column":37}},"44":{"start":{"line":131,"column":21},"end":{"line":131,"column":75}},"45":{"start":{"line":131,"column":53},"end":{"line":131,"column":73}},"46":{"start":{"line":134,"column":4},"end":{"line":139,"column":7}},"47":{"start":{"line":135,"column":6},"end":{"line":138,"column":9}},"48":{"start":{"line":136,"column":21},"end":{"line":136,"column":71}},"49":{"start":{"line":136,"column":43},"end":{"line":136,"column":58}},"50":{"start":{"line":137,"column":8},"end":{"line":137,"column":59}},"51":{"start":{"line":141,"column":4},"end":{"line":144,"column":7}},"52":{"start":{"line":143,"column":47},"end":{"line":143,"column":63}},"53":{"start":{"line":146,"column":4},"end":{"line":148,"column":70}},"54":{"start":{"line":152,"column":0},"end":{"line":164,"column":2}},"55":{"start":{"line":153,"column":2},"end":{"line":163,"column":3}},"56":{"start":{"line":154,"column":21},"end":{"line":154,"column":29}},"57":{"start":{"line":155,"column":18},"end":{"line":155,"column":39}},"58":{"start":{"line":156,"column":4},"end":{"line":156,"column":27}},"59":{"start":{"line":157,"column":4},"end":{"line":157,"column":23}},"60":{"start":{"line":158,"column":4},"end":{"line":158,"column":63}},"61":{"start":{"line":160,"column":4},"end":{"line":162,"column":70}},"62":{"start":{"line":166,"column":0},"end":{"line":192,"column":2}},"63":{"start":{"line":167,"column":2},"end":{"line":191,"column":3}},"64":{"start":{"line":168,"column":21},"end":{"line":168,"column":31}},"65":{"start":{"line":171,"column":19},"end":{"line":174,"column":5}},"66":{"start":{"line":176,"column":4},"end":{"line":181,"column":5}},"67":{"start":{"line":177,"column":6},"end":{"line":180,"column":9}},"68":{"start":{"line":183,"column":4},"end":{"line":186,"column":7}},"69":{"start":{"line":188,"column":4},"end":{"line":190,"column":77}},"70":{"start":{"line":197,"column":0},"end":{"line":206,"column":2}},"71":{"start":{"line":198,"column":2},"end":{"line":205,"column":3}},"72":{"start":{"line":199,"column":19},"end":{"line":199,"column":37}},"73":{"start":{"line":200,"column":4},"end":{"line":200,"column":58}},"74":{"start":{"line":202,"column":4},"end":{"line":204,"column":77}},"75":{"start":{"line":209,"column":0},"end":{"line":225,"column":2}},"76":{"start":{"line":210,"column":2},"end":{"line":224,"column":3}},"77":{"start":{"line":211,"column":21},"end":{"line":211,"column":40}},"78":{"start":{"line":212,"column":23},"end":{"line":212,"column":44}},"79":{"start":{"line":213,"column":4},"end":{"line":217,"column":7}},"80":{"start":{"line":219,"column":4},"end":{"line":223,"column":7}},"81":{"start":{"line":228,"column":0},"end":{"line":255,"column":2}},"82":{"start":{"line":229,"column":2},"end":{"line":254,"column":3}},"83":{"start":{"line":230,"column":19},"end":{"line":230,"column":29}},"84":{"start":{"line":231,"column":24},"end":{"line":231,"column":32}},"85":{"start":{"line":233,"column":25},"end":{"line":235,"column":6}},"86":{"start":{"line":237,"column":4},"end":{"line":241,"column":5}},"87":{"start":{"line":238,"column":6},"end":{"line":240,"column":62}},"88":{"start":{"line":243,"column":4},"end":{"line":247,"column":7}},"89":{"start":{"line":249,"column":4},"end":{"line":253,"column":7}},"90":{"start":{"line":258,"column":0},"end":{"line":282,"column":2}},"91":{"start":{"line":259,"column":2},"end":{"line":281,"column":3}},"92":{"start":{"line":260,"column":19},"end":{"line":260,"column":29}},"93":{"start":{"line":262,"column":25},"end":{"line":262,"column":58}},"94":{"start":{"line":264,"column":4},"end":{"line":268,"column":5}},"95":{"start":{"line":265,"column":6},"end":{"line":267,"column":62}},"96":{"start":{"line":270,"column":4},"end":{"line":274,"column":7}},"97":{"start":{"line":276,"column":4},"end":{"line":280,"column":7}},"98":{"start":{"line":285,"column":0},"end":{"line":298,"column":2}},"99":{"start":{"line":286,"column":2},"end":{"line":297,"column":3}},"100":{"start":{"line":287,"column":19},"end":{"line":287,"column":29}},"101":{"start":{"line":288,"column":20},"end":{"line":288,"column":28}},"102":{"start":{"line":289,"column":17},"end":{"line":289,"column":73}},"103":{"start":{"line":290,"column":4},"end":{"line":290,"column":56}},"104":{"start":{"line":292,"column":4},"end":{"line":296,"column":7}},"105":{"start":{"line":301,"column":0},"end":{"line":310,"column":2}},"106":{"start":{"line":302,"column":2},"end":{"line":309,"column":3}},"107":{"start":{"line":303,"column":18},"end":{"line":303,"column":35}},"108":{"start":{"line":304,"column":4},"end":{"line":304,"column":57}},"109":{"start":{"line":306,"column":4},"end":{"line":308,"column":77}},"110":{"start":{"line":313,"column":0},"end":{"line":335,"column":2}},"111":{"start":{"line":314,"column":2},"end":{"line":334,"column":3}},"112":{"start":{"line":315,"column":4},"end":{"line":315,"column":42}},"113":{"start":{"line":316,"column":19},"end":{"line":319,"column":13}},"114":{"start":{"line":320,"column":4},"end":{"line":320,"column":51}},"115":{"start":{"line":322,"column":23},"end":{"line":325,"column":5}},"116":{"start":{"line":323,"column":22},"end":{"line":323,"column":48}},"117":{"start":{"line":326,"column":4},"end":{"line":326,"column":54}},"118":{"start":{"line":328,"column":4},"end":{"line":328,"column":62}},"119":{"start":{"line":330,"column":4},"end":{"line":330,"column":69}},"120":{"start":{"line":331,"column":4},"end":{"line":333,"column":77}},"121":{"start":{"line":337,"column":0},"end":{"line":363,"column":2}},"122":{"start":{"line":338,"column":2},"end":{"line":362,"column":3}},"123":{"start":{"line":339,"column":25},"end":{"line":339,"column":35}},"124":{"start":{"line":340,"column":19},"end":{"line":343,"column":5}},"125":{"start":{"line":345,"column":4},"end":{"line":350,"column":5}},"126":{"start":{"line":346,"column":6},"end":{"line":349,"column":9}},"127":{"start":{"line":352,"column":4},"end":{"line":354,"column":76}},"128":{"start":{"line":356,"column":4},"end":{"line":356,"column":74}},"129":{"start":{"line":357,"column":4},"end":{"line":361,"column":7}},"130":{"start":{"line":365,"column":0},"end":{"line":391,"column":2}},"131":{"start":{"line":366,"column":2},"end":{"line":390,"column":3}},"132":{"start":{"line":367,"column":34},"end":{"line":367,"column":44}},"133":{"start":{"line":368,"column":19},"end":{"line":371,"column":5}},"134":{"start":{"line":373,"column":4},"end":{"line":378,"column":5}},"135":{"start":{"line":374,"column":6},"end":{"line":377,"column":9}},"136":{"start":{"line":380,"column":4},"end":{"line":382,"column":73}},"137":{"start":{"line":384,"column":4},"end":{"line":384,"column":73}},"138":{"start":{"line":385,"column":4},"end":{"line":389,"column":7}}},"fnMap":{"0":{"name":"(anonymous_0)","decl":{"start":{"line":21,"column":24},"end":{"line":21,"column":25}},"loc":{"start":{"line":21,"column":44},"end":{"line":59,"column":1}},"line":21},"1":{"name":"(anonymous_1)","decl":{"start":{"line":61,"column":21},"end":{"line":61,"column":22}},"loc":{"start":{"line":61,"column":41},"end":{"line":82,"column":1}},"line":61},"2":{"name":"(anonymous_2)","decl":{"start":{"line":85,"column":25},"end":{"line":85,"column":26}},"loc":{"start":{"line":85,"column":45},"end":{"line":100,"column":1}},"line":85},"3":{"name":"(anonymous_3)","decl":{"start":{"line":102,"column":21},"end":{"line":102,"column":22}},"loc":{"start":{"line":102,"column":41},"end":{"line":114,"column":1}},"line":102},"4":{"name":"(anonymous_4)","decl":{"start":{"line":128,"column":22},"end":{"line":128,"column":23}},"loc":{"start":{"line":128,"column":42},"end":{"line":150,"column":1}},"line":128},"5":{"name":"(anonymous_5)","decl":{"start":{"line":131,"column":43},"end":{"line":131,"column":44}},"loc":{"start":{"line":131,"column":53},"end":{"line":131,"column":73}},"line":131},"6":{"name":"(anonymous_6)","decl":{"start":{"line":134,"column":19},"end":{"line":134,"column":20}},"loc":{"start":{"line":134,"column":30},"end":{"line":139,"column":5}},"line":134},"7":{"name":"(anonymous_7)","decl":{"start":{"line":135,"column":26},"end":{"line":135,"column":27}},"loc":{"start":{"line":135,"column":36},"end":{"line":138,"column":7}},"line":135},"8":{"name":"(anonymous_8)","decl":{"start":{"line":136,"column":36},"end":{"line":136,"column":37}},"loc":{"start":{"line":136,"column":43},"end":{"line":136,"column":58}},"line":136},"9":{"name":"(anonymous_9)","decl":{"start":{"line":143,"column":37},"end":{"line":143,"column":38}},"loc":{"start":{"line":143,"column":47},"end":{"line":143,"column":63}},"line":143},"10":{"name":"(anonymous_10)","decl":{"start":{"line":152,"column":18},"end":{"line":152,"column":19}},"loc":{"start":{"line":152,"column":38},"end":{"line":164,"column":1}},"line":152},"11":{"name":"(anonymous_11)","decl":{"start":{"line":166,"column":21},"end":{"line":166,"column":22}},"loc":{"start":{"line":166,"column":41},"end":{"line":192,"column":1}},"line":166},"12":{"name":"(anonymous_12)","decl":{"start":{"line":197,"column":23},"end":{"line":197,"column":24}},"loc":{"start":{"line":197,"column":43},"end":{"line":206,"column":1}},"line":197},"13":{"name":"(anonymous_13)","decl":{"start":{"line":209,"column":19},"end":{"line":209,"column":20}},"loc":{"start":{"line":209,"column":39},"end":{"line":225,"column":1}},"line":209},"14":{"name":"(anonymous_14)","decl":{"start":{"line":228,"column":22},"end":{"line":228,"column":23}},"loc":{"start":{"line":228,"column":42},"end":{"line":255,"column":1}},"line":228},"15":{"name":"(anonymous_15)","decl":{"start":{"line":258,"column":22},"end":{"line":258,"column":23}},"loc":{"start":{"line":258,"column":42},"end":{"line":282,"column":1}},"line":258},"16":{"name":"(anonymous_16)","decl":{"start":{"line":285,"column":28},"end":{"line":285,"column":29}},"loc":{"start":{"line":285,"column":48},"end":{"line":298,"column":1}},"line":285},"17":{"name":"(anonymous_17)","decl":{"start":{"line":301,"column":22},"end":{"line":301,"column":23}},"loc":{"start":{"line":301,"column":42},"end":{"line":310,"column":1}},"line":301},"18":{"name":"(anonymous_18)","decl":{"start":{"line":313,"column":24},"end":{"line":313,"column":25}},"loc":{"start":{"line":313,"column":44},"end":{"line":335,"column":1}},"line":313},"19":{"name":"(anonymous_19)","decl":{"start":{"line":323,"column":6},"end":{"line":323,"column":7}},"loc":{"start":{"line":323,"column":22},"end":{"line":323,"column":48}},"line":323},"20":{"name":"(anonymous_20)","decl":{"start":{"line":337,"column":23},"end":{"line":337,"column":24}},"loc":{"start":{"line":337,"column":43},"end":{"line":363,"column":1}},"line":337},"21":{"name":"(anonymous_21)","decl":{"start":{"line":365,"column":22},"end":{"line":365,"column":23}},"loc":{"start":{"line":365,"column":42},"end":{"line":391,"column":1}},"line":365}},"branchMap":{"0":{"loc":{"start":{"line":26,"column":4},"end":{"line":30,"column":5}},"type":"if","locations":[{"start":{"line":26,"column":4},"end":{"line":30,"column":5}},{"start":{},"end":{}}],"line":26},"1":{"loc":{"start":{"line":26,"column":8},"end":{"line":26,"column":36}},"type":"binary-expr","locations":[{"start":{"line":26,"column":8},"end":{"line":26,"column":13}},{"start":{"line":26,"column":17},"end":{"line":26,"column":23}},{"start":{"line":26,"column":27},"end":{"line":26,"column":36}}],"line":26},"2":{"loc":{"start":{"line":34,"column":4},"end":{"line":38,"column":5}},"type":"if","locations":[{"start":{"line":34,"column":4},"end":{"line":38,"column":5}},{"start":{},"end":{}}],"line":34},"3":{"loc":{"start":{"line":72,"column":4},"end":{"line":74,"column":5}},"type":"if","locations":[{"start":{"line":72,"column":4},"end":{"line":74,"column":5}},{"start":{},"end":{}}],"line":72},"4":{"loc":{"start":{"line":91,"column":4},"end":{"line":95,"column":5}},"type":"if","locations":[{"start":{"line":91,"column":4},"end":{"line":95,"column":5}},{"start":{},"end":{}}],"line":91},"5":{"loc":{"start":{"line":136,"column":21},"end":{"line":136,"column":71}},"type":"binary-expr","locations":[{"start":{"line":136,"column":21},"end":{"line":136,"column":65}},{"start":{"line":136,"column":69},"end":{"line":136,"column":71}}],"line":136},"6":{"loc":{"start":{"line":176,"column":4},"end":{"line":181,"column":5}},"type":"if","locations":[{"start":{"line":176,"column":4},"end":{"line":181,"column":5}},{"start":{},"end":{}}],"line":176},"7":{"loc":{"start":{"line":237,"column":4},"end":{"line":241,"column":5}},"type":"if","locations":[{"start":{"line":237,"column":4},"end":{"line":241,"column":5}},{"start":{},"end":{}}],"line":237},"8":{"loc":{"start":{"line":264,"column":4},"end":{"line":268,"column":5}},"type":"if","locations":[{"start":{"line":264,"column":4},"end":{"line":268,"column":5}},{"start":{},"end":{}}],"line":264},"9":{"loc":{"start":{"line":345,"column":4},"end":{"line":350,"column":5}},"type":"if","locations":[{"start":{"line":345,"column":4},"end":{"line":350,"column":5}},{"start":{},"end":{}}],"line":345},"10":{"loc":{"start":{"line":373,"column":4},"end":{"line":378,"column":5}},"type":"if","locations":[{"start":{"line":373,"column":4},"end":{"line":378,"column":5}},{"start":{},"end":{}}],"line":373}},"s":{"0":1,"1":1,"2":1,"3":1,"4":1,"5":1,"6":0,"7":1,"8":1,"9":0,"10":1,"11":1,"12":1,"13":1,"14":0,"15":1,"16":1,"17":1,"18":1,"19":1,"20":1,"21":0,"22":1,"23":0,"24":1,"25":1,"26":1,"27":1,"28":1,"29":1,"30":0,"31":1,"32":0,"33":1,"34":1,"35":1,"36":1,"37":1,"38":0,"39":1,"40":1,"41":1,"42":1,"43":1,"44":1,"45":6,"46":1,"47":1,"48":2,"49":3,"50":2,"51":1,"52":8,"53":0,"54":1,"55":1,"56":1,"57":1,"58":1,"59":1,"60":1,"61":0,"62":1,"63":1,"64":1,"65":1,"66":1,"67":0,"68":1,"69":0,"70":1,"71":1,"72":1,"73":1,"74":0,"75":1,"76":1,"77":1,"78":1,"79":1,"80":0,"81":1,"82":1,"83":1,"84":1,"85":1,"86":1,"87":0,"88":1,"89":0,"90":1,"91":1,"92":1,"93":1,"94":1,"95":0,"96":1,"97":0,"98":1,"99":1,"100":1,"101":1,"102":1,"103":1,"104":0,"105":1,"106":1,"107":1,"108":1,"109":0,"110":1,"111":1,"112":1,"113":1,"114":1,"115":1,"116":2,"117":1,"118":1,"119":0,"120":0,"121":1,"122":1,"123":1,"124":1,"125":1,"126":0,"127":1,"128":0,"129":0,"130":1,"131":1,"132":1,"133":1,"134":1,"135":0,"136":1,"137":0,"138":0},"f":{"0":1,"1":1,"2":1,"3":1,"4":1,"5":6,"6":1,"7":2,"8":3,"9":8,"10":1,"11":1,"12":1,"13":1,"14":1,"15":1,"16":1,"17":1,"18":1,"19":2,"20":1,"21":1},"b":{"0":[0,1],"1":[1,1,1],"2":[0,1],"3":[0,1],"4":[0,1],"5":[2,2],"6":[0,1],"7":[0,1],"8":[0,1],"9":[0,1],"10":[0,1]},"_coverageSchema":"1a1c01bbd47fc00a2c39e90264f33305004495a9","hash":"c9c66e3f888748419b53ed671059e1e498077384"}
,"E:\\Projet\\atypikhouse-ssr\\api\\controllers\\bookingController.js": {"path":"E:\\Projet\\atypikhouse-ssr\\api\\controllers\\bookingController.js","statementMap":{"0":{"start":{"line":1,"column":16},"end":{"line":1,"column":44}},"1":{"start":{"line":4,"column":0},"end":{"line":30,"column":2}},"2":{"start":{"line":5,"column":2},"end":{"line":29,"column":3}},"3":{"start":{"line":6,"column":21},"end":{"line":6,"column":29}},"4":{"start":{"line":8,"column":6},"end":{"line":8,"column":14}},"5":{"start":{"line":10,"column":20},"end":{"line":19,"column":6}},"6":{"start":{"line":21,"column":4},"end":{"line":23,"column":7}},"7":{"start":{"line":25,"column":4},"end":{"line":28,"column":7}},"8":{"start":{"line":33,"column":0},"end":{"line":55,"column":2}},"9":{"start":{"line":34,"column":2},"end":{"line":54,"column":3}},"10":{"start":{"line":35,"column":21},"end":{"line":35,"column":29}},"11":{"start":{"line":36,"column":4},"end":{"line":40,"column":5}},"12":{"start":{"line":37,"column":6},"end":{"line":39,"column":72}},"13":{"start":{"line":42,"column":20},"end":{"line":42,"column":79}},"14":{"start":{"line":44,"column":4},"end":{"line":45,"column":51}},"15":{"start":{"line":49,"column":4},"end":{"line":49,"column":21}},"16":{"start":{"line":50,"column":4},"end":{"line":53,"column":7}}},"fnMap":{"0":{"name":"(anonymous_0)","decl":{"start":{"line":4,"column":25},"end":{"line":4,"column":26}},"loc":{"start":{"line":4,"column":45},"end":{"line":30,"column":1}},"line":4},"1":{"name":"(anonymous_1)","decl":{"start":{"line":33,"column":22},"end":{"line":33,"column":23}},"loc":{"start":{"line":33,"column":42},"end":{"line":55,"column":1}},"line":33}},"branchMap":{"0":{"loc":{"start":{"line":36,"column":4},"end":{"line":40,"column":5}},"type":"if","locations":[{"start":{"line":36,"column":4},"end":{"line":40,"column":5}},{"start":{},"end":{}}],"line":36}},"s":{"0":1,"1":1,"2":2,"3":2,"4":2,"5":2,"6":1,"7":1,"8":1,"9":2,"10":2,"11":2,"12":0,"13":2,"14":1,"15":1,"16":1},"f":{"0":2,"1":2},"b":{"0":[0,2]},"_coverageSchema":"1a1c01bbd47fc00a2c39e90264f33305004495a9","hash":"688094d9574beb0571232062932c21ea0c33f512"}
,"E:\\Projet\\atypikhouse-ssr\\api\\controllers\\paymentController.js": {"path":"E:\\Projet\\atypikhouse-ssr\\api\\controllers\\paymentController.js","statementMap":{"0":{"start":{"line":1,"column":15},"end":{"line":1,"column":143}},"1":{"start":{"line":2,"column":16},"end":{"line":2,"column":44}},"2":{"start":{"line":4,"column":0},"end":{"line":25,"column":2}},"3":{"start":{"line":5,"column":2},"end":{"line":24,"column":3}},"4":{"start":{"line":6,"column":20},"end":{"line":6,"column":57}},"5":{"start":{"line":8,"column":4},"end":{"line":10,"column":5}},"6":{"start":{"line":9,"column":6},"end":{"line":9,"column":68}},"7":{"start":{"line":12,"column":26},"end":{"line":18,"column":6}},"8":{"start":{"line":20,"column":4},"end":{"line":20,"column":60}},"9":{"start":{"line":22,"column":4},"end":{"line":22,"column":59}},"10":{"start":{"line":23,"column":4},"end":{"line":23,"column":63}}},"fnMap":{"0":{"name":"(anonymous_0)","decl":{"start":{"line":4,"column":30},"end":{"line":4,"column":31}},"loc":{"start":{"line":4,"column":50},"end":{"line":25,"column":1}},"line":4}},"branchMap":{"0":{"loc":{"start":{"line":8,"column":4},"end":{"line":10,"column":5}},"type":"if","locations":[{"start":{"line":8,"column":4},"end":{"line":10,"column":5}},{"start":{},"end":{}}],"line":8}},"s":{"0":1,"1":1,"2":1,"3":4,"4":4,"5":4,"6":1,"7":3,"8":2,"9":1,"10":1},"f":{"0":4},"b":{"0":[1,3]},"_coverageSchema":"1a1c01bbd47fc00a2c39e90264f33305004495a9","hash":"6814f959ca8afcb7fe183b67907fa6fcc956161f"}
,"E:\\Projet\\atypikhouse-ssr\\api\\controllers\\placeController.js": {"path":"E:\\Projet\\atypikhouse-ssr\\api\\controllers\\placeController.js","statementMap":{"0":{"start":{"line":1,"column":14},"end":{"line":1,"column":40}},"1":{"start":{"line":4,"column":0},"end":{"line":39,"column":2}},"2":{"start":{"line":5,"column":2},"end":{"line":38,"column":3}},"3":{"start":{"line":6,"column":21},"end":{"line":6,"column":29}},"4":{"start":{"line":17,"column":8},"end":{"line":17,"column":16}},"5":{"start":{"line":18,"column":18},"end":{"line":29,"column":6}},"6":{"start":{"line":30,"column":4},"end":{"line":32,"column":7}},"7":{"start":{"line":34,"column":4},"end":{"line":37,"column":7}},"8":{"start":{"line":42,"column":0},"end":{"line":52,"column":2}},"9":{"start":{"line":43,"column":2},"end":{"line":51,"column":3}},"10":{"start":{"line":44,"column":21},"end":{"line":44,"column":29}},"11":{"start":{"line":45,"column":15},"end":{"line":45,"column":26}},"12":{"start":{"line":46,"column":4},"end":{"line":46,"column":58}},"13":{"start":{"line":48,"column":4},"end":{"line":50,"column":7}},"14":{"start":{"line":55,"column":0},"end":{"line":96,"column":2}},"15":{"start":{"line":56,"column":2},"end":{"line":95,"column":3}},"16":{"start":{"line":57,"column":21},"end":{"line":57,"column":29}},"17":{"start":{"line":58,"column":19},"end":{"line":58,"column":30}},"18":{"start":{"line":70,"column":8},"end":{"line":70,"column":16}},"19":{"start":{"line":72,"column":18},"end":{"line":72,"column":42}},"20":{"start":{"line":73,"column":4},"end":{"line":89,"column":5}},"21":{"start":{"line":74,"column":6},"end":{"line":84,"column":9}},"22":{"start":{"line":85,"column":6},"end":{"line":85,"column":25}},"23":{"start":{"line":86,"column":6},"end":{"line":88,"column":9}},"24":{"start":{"line":91,"column":4},"end":{"line":94,"column":7}},"25":{"start":{"line":99,"column":0},"end":{"line":110,"column":2}},"26":{"start":{"line":100,"column":2},"end":{"line":109,"column":3}},"27":{"start":{"line":101,"column":19},"end":{"line":101,"column":37}},"28":{"start":{"line":102,"column":4},"end":{"line":104,"column":7}},"29":{"start":{"line":106,"column":4},"end":{"line":108,"column":7}},"30":{"start":{"line":113,"column":0},"end":{"line":130,"column":2}},"31":{"start":{"line":114,"column":2},"end":{"line":129,"column":3}},"32":{"start":{"line":115,"column":19},"end":{"line":115,"column":29}},"33":{"start":{"line":116,"column":18},"end":{"line":116,"column":42}},"34":{"start":{"line":117,"column":4},"end":{"line":121,"column":5}},"35":{"start":{"line":118,"column":6},"end":{"line":120,"column":9}},"36":{"start":{"line":122,"column":4},"end":{"line":124,"column":7}},"37":{"start":{"line":126,"column":4},"end":{"line":128,"column":7}},"38":{"start":{"line":133,"column":0},"end":{"line":150,"column":2}},"39":{"start":{"line":134,"column":2},"end":{"line":149,"column":3}},"40":{"start":{"line":135,"column":23},"end":{"line":135,"column":37}},"41":{"start":{"line":137,"column":4},"end":{"line":137,"column":75}},"42":{"start":{"line":137,"column":27},"end":{"line":137,"column":75}},"43":{"start":{"line":139,"column":26},"end":{"line":141,"column":6}},"44":{"start":{"line":143,"column":4},"end":{"line":143,"column":40}},"45":{"start":{"line":145,"column":4},"end":{"line":145,"column":21}},"46":{"start":{"line":146,"column":4},"end":{"line":148,"column":7}},"47":{"start":{"line":155,"column":0},"end":{"line":171,"column":2}},"48":{"start":{"line":156,"column":2},"end":{"line":170,"column":3}},"49":{"start":{"line":157,"column":24},"end":{"line":157,"column":34}},"50":{"start":{"line":158,"column":18},"end":{"line":161,"column":13}},"51":{"start":{"line":162,"column":4},"end":{"line":166,"column":5}},"52":{"start":{"line":163,"column":6},"end":{"line":165,"column":78}},"53":{"start":{"line":167,"column":4},"end":{"line":167,"column":65}},"54":{"start":{"line":169,"column":4},"end":{"line":169,"column":69}},"55":{"start":{"line":174,"column":0},"end":{"line":203,"column":2}},"56":{"start":{"line":175,"column":2},"end":{"line":202,"column":3}},"57":{"start":{"line":176,"column":34},"end":{"line":176,"column":44}},"58":{"start":{"line":177,"column":24},"end":{"line":177,"column":32}},"59":{"start":{"line":179,"column":18},"end":{"line":185,"column":47}},"60":{"start":{"line":188,"column":4},"end":{"line":192,"column":5}},"61":{"start":{"line":189,"column":6},"end":{"line":191,"column":71}},"62":{"start":{"line":194,"column":26},"end":{"line":194,"column":52}},"63":{"start":{"line":195,"column":4},"end":{"line":195,"column":65}},"64":{"start":{"line":197,"column":4},"end":{"line":201,"column":7}},"65":{"start":{"line":206,"column":0},"end":{"line":237,"column":2}},"66":{"start":{"line":207,"column":2},"end":{"line":236,"column":3}},"67":{"start":{"line":208,"column":24},"end":{"line":208,"column":34}},"68":{"start":{"line":209,"column":32},"end":{"line":209,"column":40}},"69":{"start":{"line":211,"column":18},"end":{"line":211,"column":47}},"70":{"start":{"line":212,"column":4},"end":{"line":216,"column":5}},"71":{"start":{"line":213,"column":6},"end":{"line":215,"column":63}},"72":{"start":{"line":218,"column":22},"end":{"line":222,"column":5}},"73":{"start":{"line":224,"column":4},"end":{"line":224,"column":34}},"74":{"start":{"line":225,"column":4},"end":{"line":225,"column":23}},"75":{"start":{"line":228,"column":4},"end":{"line":228,"column":49}},"76":{"start":{"line":229,"column":4},"end":{"line":229,"column":57}},"77":{"start":{"line":231,"column":4},"end":{"line":231,"column":65}},"78":{"start":{"line":233,"column":4},"end":{"line":235,"column":71}}},"fnMap":{"0":{"name":"(anonymous_0)","decl":{"start":{"line":4,"column":19},"end":{"line":4,"column":20}},"loc":{"start":{"line":4,"column":39},"end":{"line":39,"column":1}},"line":4},"1":{"name":"(anonymous_1)","decl":{"start":{"line":42,"column":21},"end":{"line":42,"column":22}},"loc":{"start":{"line":42,"column":41},"end":{"line":52,"column":1}},"line":42},"2":{"name":"(anonymous_2)","decl":{"start":{"line":55,"column":22},"end":{"line":55,"column":23}},"loc":{"start":{"line":55,"column":42},"end":{"line":96,"column":1}},"line":55},"3":{"name":"(anonymous_3)","decl":{"start":{"line":99,"column":20},"end":{"line":99,"column":21}},"loc":{"start":{"line":99,"column":40},"end":{"line":110,"column":1}},"line":99},"4":{"name":"(anonymous_4)","decl":{"start":{"line":113,"column":22},"end":{"line":113,"column":23}},"loc":{"start":{"line":113,"column":42},"end":{"line":130,"column":1}},"line":113},"5":{"name":"(anonymous_5)","decl":{"start":{"line":133,"column":23},"end":{"line":133,"column":24}},"loc":{"start":{"line":133,"column":43},"end":{"line":150,"column":1}},"line":133},"6":{"name":"(anonymous_6)","decl":{"start":{"line":155,"column":28},"end":{"line":155,"column":29}},"loc":{"start":{"line":155,"column":48},"end":{"line":171,"column":1}},"line":155},"7":{"name":"(anonymous_7)","decl":{"start":{"line":174,"column":24},"end":{"line":174,"column":25}},"loc":{"start":{"line":174,"column":44},"end":{"line":203,"column":1}},"line":174},"8":{"name":"(anonymous_8)","decl":{"start":{"line":206,"column":20},"end":{"line":206,"column":21}},"loc":{"start":{"line":206,"column":40},"end":{"line":237,"column":1}},"line":206}},"branchMap":{"0":{"loc":{"start":{"line":73,"column":4},"end":{"line":89,"column":5}},"type":"if","locations":[{"start":{"line":73,"column":4},"end":{"line":89,"column":5}},{"start":{},"end":{}}],"line":73},"1":{"loc":{"start":{"line":117,"column":4},"end":{"line":121,"column":5}},"type":"if","locations":[{"start":{"line":117,"column":4},"end":{"line":121,"column":5}},{"start":{},"end":{}}],"line":117},"2":{"loc":{"start":{"line":137,"column":4},"end":{"line":137,"column":75}},"type":"if","locations":[{"start":{"line":137,"column":4},"end":{"line":137,"column":75}},{"start":{},"end":{}}],"line":137},"3":{"loc":{"start":{"line":162,"column":4},"end":{"line":166,"column":5}},"type":"if","locations":[{"start":{"line":162,"column":4},"end":{"line":166,"column":5}},{"start":{},"end":{}}],"line":162},"4":{"loc":{"start":{"line":162,"column":8},"end":{"line":162,"column":62}},"type":"binary-expr","locations":[{"start":{"line":162,"column":8},"end":{"line":162,"column":14}},{"start":{"line":162,"column":18},"end":{"line":162,"column":32}},{"start":{"line":162,"column":36},"end":{"line":162,"column":62}}],"line":162},"5":{"loc":{"start":{"line":188,"column":4},"end":{"line":192,"column":5}},"type":"if","locations":[{"start":{"line":188,"column":4},"end":{"line":192,"column":5}},{"start":{},"end":{}}],"line":188},"6":{"loc":{"start":{"line":212,"column":4},"end":{"line":216,"column":5}},"type":"if","locations":[{"start":{"line":212,"column":4},"end":{"line":216,"column":5}},{"start":{},"end":{}}],"line":212}},"s":{"0":1,"1":1,"2":1,"3":1,"4":1,"5":1,"6":1,"7":0,"8":1,"9":1,"10":1,"11":1,"12":1,"13":0,"14":1,"15":1,"16":1,"17":1,"18":1,"19":1,"20":1,"21":1,"22":1,"23":1,"24":0,"25":1,"26":1,"27":1,"28":1,"29":0,"30":1,"31":1,"32":1,"33":1,"34":1,"35":0,"36":1,"37":0,"38":1,"39":3,"40":3,"41":3,"42":1,"43":2,"44":1,"45":1,"46":1,"47":1,"48":4,"49":4,"50":4,"51":3,"52":2,"53":1,"54":1,"55":1,"56":3,"57":3,"58":3,"59":3,"60":3,"61":0,"62":3,"63":0,"64":3,"65":1,"66":3,"67":3,"68":3,"69":3,"70":2,"71":1,"72":1,"73":1,"74":1,"75":1,"76":1,"77":1,"78":1},"f":{"0":1,"1":1,"2":1,"3":1,"4":1,"5":3,"6":4,"7":3,"8":3},"b":{"0":[1,0],"1":[0,1],"2":[1,2],"3":[2,1],"4":[3,2,2],"5":[0,3],"6":[1,1]},"_coverageSchema":"1a1c01bbd47fc00a2c39e90264f33305004495a9","hash":"445106240386072e0213e83f2e5dc79d4dc34659"}
,"E:\\Projet\\atypikhouse-ssr\\api\\controllers\\userController.js": {"path":"E:\\Projet\\atypikhouse-ssr\\api\\controllers\\userController.js","statementMap":{"0":{"start":{"line":1,"column":13},"end":{"line":1,"column":38}},"1":{"start":{"line":2,"column":16},"end":{"line":2,"column":44}},"2":{"start":{"line":3,"column":14},"end":{"line":3,"column":40}},"3":{"start":{"line":4,"column":20},"end":{"line":4,"column":51}},"4":{"start":{"line":5,"column":15},"end":{"line":5,"column":34}},"5":{"start":{"line":6,"column":19},"end":{"line":6,"column":43}},"6":{"start":{"line":9,"column":0},"end":{"line":42,"column":2}},"7":{"start":{"line":10,"column":2},"end":{"line":41,"column":3}},"8":{"start":{"line":11,"column":38},"end":{"line":11,"column":46}},"9":{"start":{"line":13,"column":4},"end":{"line":17,"column":5}},"10":{"start":{"line":14,"column":6},"end":{"line":16,"column":9}},"11":{"start":{"line":20,"column":15},"end":{"line":20,"column":44}},"12":{"start":{"line":22,"column":4},"end":{"line":26,"column":5}},"13":{"start":{"line":23,"column":6},"end":{"line":25,"column":9}},"14":{"start":{"line":28,"column":4},"end":{"line":32,"column":7}},"15":{"start":{"line":35,"column":4},"end":{"line":35,"column":27}},"16":{"start":{"line":37,"column":4},"end":{"line":40,"column":7}},"17":{"start":{"line":45,"column":0},"end":{"line":81,"column":2}},"18":{"start":{"line":46,"column":2},"end":{"line":80,"column":3}},"19":{"start":{"line":47,"column":32},"end":{"line":47,"column":40}},"20":{"start":{"line":50,"column":4},"end":{"line":54,"column":5}},"21":{"start":{"line":51,"column":6},"end":{"line":53,"column":9}},"22":{"start":{"line":56,"column":17},"end":{"line":56,"column":46}},"23":{"start":{"line":58,"column":4},"end":{"line":62,"column":5}},"24":{"start":{"line":59,"column":6},"end":{"line":61,"column":9}},"25":{"start":{"line":65,"column":30},"end":{"line":65,"column":70}},"26":{"start":{"line":67,"column":4},"end":{"line":71,"column":5}},"27":{"start":{"line":68,"column":6},"end":{"line":70,"column":9}},"28":{"start":{"line":74,"column":4},"end":{"line":74,"column":27}},"29":{"start":{"line":76,"column":4},"end":{"line":79,"column":7}},"30":{"start":{"line":84,"column":0},"end":{"line":117,"column":2}},"31":{"start":{"line":85,"column":2},"end":{"line":116,"column":3}},"32":{"start":{"line":86,"column":28},"end":{"line":86,"column":36}},"33":{"start":{"line":88,"column":4},"end":{"line":95,"column":5}},"34":{"start":{"line":89,"column":6},"end":{"line":94,"column":8}},"35":{"start":{"line":98,"column":15},"end":{"line":98,"column":44}},"36":{"start":{"line":101,"column":4},"end":{"line":107,"column":5}},"37":{"start":{"line":102,"column":6},"end":{"line":106,"column":9}},"38":{"start":{"line":110,"column":4},"end":{"line":110,"column":27}},"39":{"start":{"line":112,"column":4},"end":{"line":115,"column":7}},"40":{"start":{"line":120,"column":0},"end":{"line":133,"column":2}},"41":{"start":{"line":121,"column":19},"end":{"line":121,"column":27}},"42":{"start":{"line":122,"column":2},"end":{"line":132,"column":3}},"43":{"start":{"line":123,"column":17},"end":{"line":125,"column":6}},"44":{"start":{"line":126,"column":4},"end":{"line":126,"column":44}},"45":{"start":{"line":128,"column":4},"end":{"line":131,"column":7}},"46":{"start":{"line":136,"column":0},"end":{"line":167,"column":2}},"47":{"start":{"line":137,"column":2},"end":{"line":166,"column":3}},"48":{"start":{"line":138,"column":47},"end":{"line":138,"column":55}},"49":{"start":{"line":140,"column":17},"end":{"line":140,"column":46}},"50":{"start":{"line":142,"column":4},"end":{"line":149,"column":5}},"51":{"start":{"line":143,"column":6},"end":{"line":148,"column":8}},"52":{"start":{"line":153,"column":4},"end":{"line":153,"column":21}},"53":{"start":{"line":154,"column":4},"end":{"line":161,"column":5}},"54":{"start":{"line":155,"column":6},"end":{"line":155,"column":29}},"55":{"start":{"line":156,"column":11},"end":{"line":161,"column":5}},"56":{"start":{"line":157,"column":6},"end":{"line":157,"column":31}},"57":{"start":{"line":159,"column":6},"end":{"line":159,"column":29}},"58":{"start":{"line":160,"column":6},"end":{"line":160,"column":31}},"59":{"start":{"line":162,"column":24},"end":{"line":162,"column":41}},"60":{"start":{"line":163,"column":4},"end":{"line":163,"column":34}},"61":{"start":{"line":165,"column":4},"end":{"line":165,"column":70}},"62":{"start":{"line":170,"column":0},"end":{"line":177,"column":2}},"63":{"start":{"line":171,"column":2},"end":{"line":176,"column":3}},"64":{"start":{"line":172,"column":18},"end":{"line":172,"column":35}},"65":{"start":{"line":173,"column":4},"end":{"line":173,"column":32}},"66":{"start":{"line":175,"column":4},"end":{"line":175,"column":66}},"67":{"start":{"line":180,"column":0},"end":{"line":191,"column":2}},"68":{"start":{"line":181,"column":2},"end":{"line":186,"column":5}},"69":{"start":{"line":187,"column":2},"end":{"line":190,"column":5}},"70":{"start":{"line":194,"column":0},"end":{"line":224,"column":2}},"71":{"start":{"line":195,"column":2},"end":{"line":223,"column":3}},"72":{"start":{"line":196,"column":19},"end":{"line":196,"column":29}},"73":{"start":{"line":198,"column":17},"end":{"line":198,"column":40}},"74":{"start":{"line":200,"column":4},"end":{"line":204,"column":5}},"75":{"start":{"line":201,"column":6},"end":{"line":203,"column":9}},"76":{"start":{"line":207,"column":4},"end":{"line":207,"column":43}},"77":{"start":{"line":210,"column":4},"end":{"line":210,"column":42}},"78":{"start":{"line":212,"column":4},"end":{"line":212,"column":27}},"79":{"start":{"line":214,"column":4},"end":{"line":217,"column":7}},"80":{"start":{"line":219,"column":4},"end":{"line":222,"column":7}}},"fnMap":{"0":{"name":"(anonymous_0)","decl":{"start":{"line":9,"column":19},"end":{"line":9,"column":20}},"loc":{"start":{"line":9,"column":39},"end":{"line":42,"column":1}},"line":9},"1":{"name":"(anonymous_1)","decl":{"start":{"line":45,"column":16},"end":{"line":45,"column":17}},"loc":{"start":{"line":45,"column":36},"end":{"line":81,"column":1}},"line":45},"2":{"name":"(anonymous_2)","decl":{"start":{"line":84,"column":22},"end":{"line":84,"column":23}},"loc":{"start":{"line":84,"column":42},"end":{"line":117,"column":1}},"line":84},"3":{"name":"(anonymous_3)","decl":{"start":{"line":120,"column":24},"end":{"line":120,"column":25}},"loc":{"start":{"line":120,"column":44},"end":{"line":133,"column":1}},"line":120},"4":{"name":"(anonymous_4)","decl":{"start":{"line":136,"column":28},"end":{"line":136,"column":29}},"loc":{"start":{"line":136,"column":48},"end":{"line":167,"column":1}},"line":136},"5":{"name":"(anonymous_5)","decl":{"start":{"line":170,"column":22},"end":{"line":170,"column":23}},"loc":{"start":{"line":170,"column":42},"end":{"line":177,"column":1}},"line":170},"6":{"name":"(anonymous_6)","decl":{"start":{"line":180,"column":17},"end":{"line":180,"column":18}},"loc":{"start":{"line":180,"column":37},"end":{"line":191,"column":1}},"line":180},"7":{"name":"(anonymous_7)","decl":{"start":{"line":194,"column":21},"end":{"line":194,"column":22}},"loc":{"start":{"line":194,"column":41},"end":{"line":224,"column":1}},"line":194}},"branchMap":{"0":{"loc":{"start":{"line":13,"column":4},"end":{"line":17,"column":5}},"type":"if","locations":[{"start":{"line":13,"column":4},"end":{"line":17,"column":5}},{"start":{},"end":{}}],"line":13},"1":{"loc":{"start":{"line":13,"column":8},"end":{"line":13,"column":36}},"type":"binary-expr","locations":[{"start":{"line":13,"column":8},"end":{"line":13,"column":13}},{"start":{"line":13,"column":17},"end":{"line":13,"column":23}},{"start":{"line":13,"column":27},"end":{"line":13,"column":36}}],"line":13},"2":{"loc":{"start":{"line":22,"column":4},"end":{"line":26,"column":5}},"type":"if","locations":[{"start":{"line":22,"column":4},"end":{"line":26,"column":5}},{"start":{},"end":{}}],"line":22},"3":{"loc":{"start":{"line":50,"column":4},"end":{"line":54,"column":5}},"type":"if","locations":[{"start":{"line":50,"column":4},"end":{"line":54,"column":5}},{"start":{},"end":{}}],"line":50},"4":{"loc":{"start":{"line":50,"column":8},"end":{"line":50,"column":27}},"type":"binary-expr","locations":[{"start":{"line":50,"column":8},"end":{"line":50,"column":14}},{"start":{"line":50,"column":18},"end":{"line":50,"column":27}}],"line":50},"5":{"loc":{"start":{"line":58,"column":4},"end":{"line":62,"column":5}},"type":"if","locations":[{"start":{"line":58,"column":4},"end":{"line":62,"column":5}},{"start":{},"end":{}}],"line":58},"6":{"loc":{"start":{"line":67,"column":4},"end":{"line":71,"column":5}},"type":"if","locations":[{"start":{"line":67,"column":4},"end":{"line":71,"column":5}},{"start":{},"end":{}}],"line":67},"7":{"loc":{"start":{"line":88,"column":4},"end":{"line":95,"column":5}},"type":"if","locations":[{"start":{"line":88,"column":4},"end":{"line":95,"column":5}},{"start":{},"end":{}}],"line":88},"8":{"loc":{"start":{"line":88,"column":8},"end":{"line":88,"column":23}},"type":"binary-expr","locations":[{"start":{"line":88,"column":8},"end":{"line":88,"column":13}},{"start":{"line":88,"column":17},"end":{"line":88,"column":23}}],"line":88},"9":{"loc":{"start":{"line":101,"column":4},"end":{"line":107,"column":5}},"type":"if","locations":[{"start":{"line":101,"column":4},"end":{"line":107,"column":5}},{"start":{},"end":{}}],"line":101},"10":{"loc":{"start":{"line":142,"column":4},"end":{"line":149,"column":5}},"type":"if","locations":[{"start":{"line":142,"column":4},"end":{"line":149,"column":5}},{"start":{},"end":{}}],"line":142},"11":{"loc":{"start":{"line":154,"column":4},"end":{"line":161,"column":5}},"type":"if","locations":[{"start":{"line":154,"column":4},"end":{"line":161,"column":5}},{"start":{"line":156,"column":11},"end":{"line":161,"column":5}}],"line":154},"12":{"loc":{"start":{"line":154,"column":8},"end":{"line":154,"column":28}},"type":"binary-expr","locations":[{"start":{"line":154,"column":8},"end":{"line":154,"column":15}},{"start":{"line":154,"column":19},"end":{"line":154,"column":28}}],"line":154},"13":{"loc":{"start":{"line":156,"column":11},"end":{"line":161,"column":5}},"type":"if","locations":[{"start":{"line":156,"column":11},"end":{"line":161,"column":5}},{"start":{"line":158,"column":11},"end":{"line":161,"column":5}}],"line":156},"14":{"loc":{"start":{"line":156,"column":15},"end":{"line":156,"column":35}},"type":"binary-expr","locations":[{"start":{"line":156,"column":15},"end":{"line":156,"column":23}},{"start":{"line":156,"column":27},"end":{"line":156,"column":35}}],"line":156},"15":{"loc":{"start":{"line":200,"column":4},"end":{"line":204,"column":5}},"type":"if","locations":[{"start":{"line":200,"column":4},"end":{"line":204,"column":5}},{"start":{},"end":{}}],"line":200}},"s":{"0":1,"1":1,"2":1,"3":1,"4":1,"5":1,"6":1,"7":1,"8":1,"9":1,"10":0,"11":1,"12":1,"13":0,"14":1,"15":1,"16":0,"17":1,"18":1,"19":1,"20":1,"21":0,"22":1,"23":1,"24":0,"25":1,"26":1,"27":0,"28":1,"29":0,"30":1,"31":0,"32":0,"33":0,"34":0,"35":0,"36":0,"37":0,"38":0,"39":0,"40":1,"41":1,"42":1,"43":1,"44":1,"45":0,"46":1,"47":0,"48":0,"49":0,"50":0,"51":0,"52":0,"53":0,"54":0,"55":0,"56":0,"57":0,"58":0,"59":0,"60":0,"61":0,"62":1,"63":0,"64":0,"65":0,"66":0,"67":1,"68":1,"69":1,"70":1,"71":0,"72":0,"73":0,"74":0,"75":0,"76":0,"77":0,"78":0,"79":0,"80":0},"f":{"0":1,"1":1,"2":0,"3":1,"4":0,"5":0,"6":1,"7":0},"b":{"0":[0,1],"1":[1,1,1],"2":[0,1],"3":[0,1],"4":[1,1],"5":[0,1],"6":[0,1],"7":[0,0],"8":[0,0],"9":[0,0],"10":[0,0],"11":[0,0],"12":[0,0],"13":[0,0],"14":[0,0],"15":[0,0]},"_coverageSchema":"1a1c01bbd47fc00a2c39e90264f33305004495a9","hash":"ee1e805dd4e9dd73ad707d4005b5c002b5e1b57a"}
,"E:\\Projet\\atypikhouse-ssr\\api\\models\\Booking.js": {"path":"E:\\Projet\\atypikhouse-ssr\\api\\models\\Booking.js","statementMap":{"0":{"start":{"line":1,"column":17},"end":{"line":1,"column":36}},"1":{"start":{"line":3,"column":22},"end":{"line":34,"column":2}},"2":{"start":{"line":36,"column":16},"end":{"line":36,"column":56}},"3":{"start":{"line":38,"column":0},"end":{"line":38,"column":25}}},"fnMap":{},"branchMap":{},"s":{"0":3,"1":3,"2":3,"3":3},"f":{},"b":{},"_coverageSchema":"1a1c01bbd47fc00a2c39e90264f33305004495a9","hash":"1d5360d1a86b7dda2172f7f6b8184fdee6376b1c"}
,"E:\\Projet\\atypikhouse-ssr\\api\\models\\Place.js": {"path":"E:\\Projet\\atypikhouse-ssr\\api\\models\\Place.js","statementMap":{"0":{"start":{"line":1,"column":17},"end":{"line":1,"column":36}},"1":{"start":{"line":3,"column":20},"end":{"line":7,"column":2}},"2":{"start":{"line":9,"column":21},"end":{"line":15,"column":2}},"3":{"start":{"line":17,"column":20},"end":{"line":64,"column":2}},"4":{"start":{"line":67,"column":14},"end":{"line":67,"column":75}},"5":{"start":{"line":70,"column":0},"end":{"line":70,"column":23}}},"fnMap":{},"branchMap":{"0":{"loc":{"start":{"line":67,"column":14},"end":{"line":67,"column":75}},"type":"binary-expr","locations":[{"start":{"line":67,"column":14},"end":{"line":67,"column":35}},{"start":{"line":67,"column":39},"end":{"line":67,"column":75}}],"line":67}},"s":{"0":3,"1":3,"2":3,"3":3,"4":3,"5":3},"f":{},"b":{"0":[3,3]},"_coverageSchema":"1a1c01bbd47fc00a2c39e90264f33305004495a9","hash":"d038c35b442b21ab42f8c94ca68b6e868dbbf739"}
,"E:\\Projet\\atypikhouse-ssr\\api\\models\\User.js": {"path":"E:\\Projet\\atypikhouse-ssr\\api\\models\\User.js","statementMap":{"0":{"start":{"line":1,"column":17},"end":{"line":1,"column":36}},"1":{"start":{"line":2,"column":15},"end":{"line":2,"column":34}},"2":{"start":{"line":3,"column":12},"end":{"line":3,"column":35}},"3":{"start":{"line":5,"column":19},"end":{"line":38,"column":2}},"4":{"start":{"line":41,"column":0},"end":{"line":43,"column":3}},"5":{"start":{"line":42,"column":2},"end":{"line":42,"column":55}},"6":{"start":{"line":46,"column":0},"end":{"line":50,"column":2}},"7":{"start":{"line":47,"column":2},"end":{"line":49,"column":5}},"8":{"start":{"line":53,"column":0},"end":{"line":55,"column":2}},"9":{"start":{"line":54,"column":2},"end":{"line":54,"column":63}},"10":{"start":{"line":57,"column":13},"end":{"line":57,"column":47}},"11":{"start":{"line":59,"column":0},"end":{"line":59,"column":22}}},"fnMap":{"0":{"name":"(anonymous_0)","decl":{"start":{"line":41,"column":23},"end":{"line":41,"column":24}},"loc":{"start":{"line":41,"column":45},"end":{"line":43,"column":1}},"line":41},"1":{"name":"(anonymous_1)","decl":{"start":{"line":46,"column":33},"end":{"line":46,"column":34}},"loc":{"start":{"line":46,"column":45},"end":{"line":50,"column":1}},"line":46},"2":{"name":"(anonymous_2)","decl":{"start":{"line":53,"column":41},"end":{"line":53,"column":42}},"loc":{"start":{"line":53,"column":75},"end":{"line":55,"column":1}},"line":53}},"branchMap":{},"s":{"0":4,"1":4,"2":4,"3":4,"4":4,"5":0,"6":4,"7":0,"8":4,"9":0,"10":4,"11":4},"f":{"0":0,"1":0,"2":0},"b":{},"_coverageSchema":"1a1c01bbd47fc00a2c39e90264f33305004495a9","hash":"796c9face8e22d212ea9665eb297eb56934ce4e6"}
,"E:\\Projet\\atypikhouse-ssr\\api\\utils\\cookieToken.js": {"path":"E:\\Projet\\atypikhouse-ssr\\api\\utils\\cookieToken.js","statementMap":{"0":{"start":{"line":1,"column":20},"end":{"line":20,"column":1}},"1":{"start":{"line":2,"column":18},"end":{"line":2,"column":36}},"2":{"start":{"line":4,"column":20},"end":{"line":11,"column":5}},"3":{"start":{"line":14,"column":4},"end":{"line":14,"column":30}},"4":{"start":{"line":15,"column":4},"end":{"line":19,"column":7}},"5":{"start":{"line":22,"column":0},"end":{"line":22,"column":29}}},"fnMap":{"0":{"name":"(anonymous_0)","decl":{"start":{"line":1,"column":20},"end":{"line":1,"column":21}},"loc":{"start":{"line":1,"column":35},"end":{"line":20,"column":1}},"line":1}},"branchMap":{},"s":{"0":1,"1":0,"2":0,"3":0,"4":0,"5":1},"f":{"0":0},"b":{},"_coverageSchema":"1a1c01bbd47fc00a2c39e90264f33305004495a9","hash":"0e25a9d2300c05c80c433fbbfb16ad9ea7d0109b"}
}
