TN:
SF:controllers\adminController.js
FN:21,(anonymous_0)
FN:61,(anonymous_1)
FN:85,(anonymous_2)
FN:102,(anonymous_3)
FN:128,(anonymous_4)
FN:131,(anonymous_5)
FN:134,(anonymous_6)
FN:135,(anonymous_7)
FN:136,(anonymous_8)
FN:143,(anonymous_9)
FN:152,(anonymous_10)
FN:166,(anonymous_11)
FN:197,(anonymous_12)
FN:209,(anonymous_13)
FN:228,(anonymous_14)
FN:258,(anonymous_15)
FN:285,(anonymous_16)
FN:301,(anonymous_17)
FN:313,(anonymous_18)
FN:323,(anonymous_19)
FN:337,(anonymous_20)
FN:365,(anonymous_21)
FNF:22
FNH:22
FNDA:1,(anonymous_0)
FNDA:1,(anonymous_1)
FNDA:1,(anonymous_2)
FNDA:1,(anonymous_3)
FNDA:1,(anonymous_4)
FNDA:6,(anonymous_5)
FNDA:1,(anonymous_6)
FNDA:2,(anonymous_7)
FNDA:3,(anonymous_8)
FNDA:8,(anonymous_9)
FNDA:1,(anonymous_10)
FNDA:1,(anonymous_11)
FNDA:1,(anonymous_12)
FNDA:1,(anonymous_13)
FNDA:1,(anonymous_14)
FNDA:1,(anonymous_15)
FNDA:1,(anonymous_16)
FNDA:1,(anonymous_17)
FNDA:1,(anonymous_18)
FNDA:2,(anonymous_19)
FNDA:1,(anonymous_20)
FNDA:1,(anonymous_21)
DA:1,1
DA:19,1
DA:21,1
DA:22,1
DA:23,1
DA:26,1
DA:27,0
DA:33,1
DA:34,1
DA:35,0
DA:41,1
DA:43,1
DA:49,1
DA:51,1
DA:53,0
DA:61,1
DA:62,1
DA:63,1
DA:64,1
DA:66,1
DA:72,1
DA:73,0
DA:76,1
DA:80,0
DA:85,1
DA:86,1
DA:87,1
DA:89,1
DA:90,1
DA:91,1
DA:92,0
DA:96,1
DA:98,0
DA:102,1
DA:103,1
DA:104,1
DA:105,1
DA:106,1
DA:108,0
DA:117,1
DA:119,1
DA:128,1
DA:129,1
DA:130,1
DA:131,6
DA:134,1
DA:135,1
DA:136,3
DA:137,2
DA:141,1
DA:143,8
DA:146,0
DA:152,1
DA:153,1
DA:154,1
DA:155,1
DA:156,1
DA:157,1
DA:158,1
DA:160,0
DA:166,1
DA:167,1
DA:168,1
DA:171,1
DA:176,1
DA:177,0
DA:183,1
DA:188,0
DA:197,1
DA:198,1
DA:199,1
DA:200,1
DA:202,0
DA:209,1
DA:210,1
DA:211,1
DA:212,1
DA:213,1
DA:219,0
DA:228,1
DA:229,1
DA:230,1
DA:231,1
DA:233,1
DA:237,1
DA:238,0
DA:243,1
DA:249,0
DA:258,1
DA:259,1
DA:260,1
DA:262,1
DA:264,1
DA:265,0
DA:270,1
DA:276,0
DA:285,1
DA:286,1
DA:287,1
DA:288,1
DA:289,1
DA:290,1
DA:292,0
DA:301,1
DA:302,1
DA:303,1
DA:304,1
DA:306,0
DA:313,1
DA:314,1
DA:315,1
DA:316,1
DA:320,1
DA:322,1
DA:323,2
DA:326,1
DA:328,1
DA:330,0
DA:331,0
DA:337,1
DA:338,1
DA:339,1
DA:340,1
DA:345,1
DA:346,0
DA:352,1
DA:356,0
DA:357,0
DA:365,1
DA:366,1
DA:367,1
DA:368,1
DA:373,1
DA:374,0
DA:380,1
DA:384,0
DA:385,0
LF:137
LH:109
BRDA:26,0,0,0
BRDA:26,0,1,1
BRDA:26,1,0,1
BRDA:26,1,1,1
BRDA:26,1,2,1
BRDA:34,2,0,0
BRDA:34,2,1,1
BRDA:72,3,0,0
BRDA:72,3,1,1
BRDA:91,4,0,0
BRDA:91,4,1,1
BRDA:136,5,0,2
BRDA:136,5,1,2
BRDA:176,6,0,0
BRDA:176,6,1,1
BRDA:237,7,0,0
BRDA:237,7,1,1
BRDA:264,8,0,0
BRDA:264,8,1,1
BRDA:345,9,0,0
BRDA:345,9,1,1
BRDA:373,10,0,0
BRDA:373,10,1,1
BRF:23
BRH:14
end_of_record
TN:
SF:controllers\bookingController.js
FN:4,(anonymous_0)
FN:33,(anonymous_1)
FNF:2
FNH:2
FNDA:2,(anonymous_0)
FNDA:2,(anonymous_1)
DA:1,1
DA:4,1
DA:5,2
DA:6,2
DA:8,2
DA:10,2
DA:21,1
DA:25,1
DA:33,1
DA:34,2
DA:35,2
DA:36,2
DA:37,0
DA:42,2
DA:44,1
DA:49,1
DA:50,1
LF:17
LH:16
BRDA:36,0,0,0
BRDA:36,0,1,2
BRF:2
BRH:1
end_of_record
TN:
SF:controllers\paymentController.js
FN:4,(anonymous_0)
FNF:1
FNH:1
FNDA:4,(anonymous_0)
DA:1,1
DA:2,1
DA:4,1
DA:5,4
DA:6,4
DA:8,4
DA:9,1
DA:12,3
DA:20,2
DA:22,1
DA:23,1
LF:11
LH:11
BRDA:8,0,0,1
BRDA:8,0,1,3
BRF:2
BRH:2
end_of_record
TN:
SF:controllers\placeController.js
FN:4,(anonymous_0)
FN:42,(anonymous_1)
FN:55,(anonymous_2)
FN:99,(anonymous_3)
FN:113,(anonymous_4)
FN:133,(anonymous_5)
FN:155,(anonymous_6)
FN:174,(anonymous_7)
FN:206,(anonymous_8)
FNF:9
FNH:9
FNDA:1,(anonymous_0)
FNDA:1,(anonymous_1)
FNDA:1,(anonymous_2)
FNDA:1,(anonymous_3)
FNDA:1,(anonymous_4)
FNDA:3,(anonymous_5)
FNDA:4,(anonymous_6)
FNDA:3,(anonymous_7)
FNDA:3,(anonymous_8)
DA:1,1
DA:4,1
DA:5,1
DA:6,1
DA:17,1
DA:18,1
DA:30,1
DA:34,0
DA:42,1
DA:43,1
DA:44,1
DA:45,1
DA:46,1
DA:48,0
DA:55,1
DA:56,1
DA:57,1
DA:58,1
DA:70,1
DA:72,1
DA:73,1
DA:74,1
DA:85,1
DA:86,1
DA:91,0
DA:99,1
DA:100,1
DA:101,1
DA:102,1
DA:106,0
DA:113,1
DA:114,1
DA:115,1
DA:116,1
DA:117,1
DA:118,0
DA:122,1
DA:126,0
DA:133,1
DA:134,3
DA:135,3
DA:137,3
DA:139,2
DA:143,1
DA:145,1
DA:146,1
DA:155,1
DA:156,4
DA:157,4
DA:158,4
DA:162,3
DA:163,2
DA:167,1
DA:169,1
DA:174,1
DA:175,3
DA:176,3
DA:177,3
DA:179,3
DA:188,3
DA:189,0
DA:194,3
DA:195,0
DA:197,3
DA:206,1
DA:207,3
DA:208,3
DA:209,3
DA:211,3
DA:212,2
DA:213,1
DA:218,1
DA:224,1
DA:225,1
DA:228,1
DA:229,1
DA:231,1
DA:233,1
LF:78
LH:70
BRDA:73,0,0,1
BRDA:73,0,1,0
BRDA:117,1,0,0
BRDA:117,1,1,1
BRDA:137,2,0,1
BRDA:137,2,1,2
BRDA:162,3,0,2
BRDA:162,3,1,1
BRDA:162,4,0,3
BRDA:162,4,1,2
BRDA:162,4,2,2
BRDA:188,5,0,0
BRDA:188,5,1,3
BRDA:212,6,0,1
BRDA:212,6,1,1
BRF:15
BRH:12
end_of_record
TN:
SF:controllers\userController.js
FN:9,(anonymous_0)
FN:45,(anonymous_1)
FN:84,(anonymous_2)
FN:120,(anonymous_3)
FN:136,(anonymous_4)
FN:170,(anonymous_5)
FN:180,(anonymous_6)
FN:194,(anonymous_7)
FNF:8
FNH:4
FNDA:1,(anonymous_0)
FNDA:1,(anonymous_1)
FNDA:0,(anonymous_2)
FNDA:1,(anonymous_3)
FNDA:0,(anonymous_4)
FNDA:0,(anonymous_5)
FNDA:1,(anonymous_6)
FNDA:0,(anonymous_7)
DA:1,1
DA:2,1
DA:3,1
DA:4,1
DA:5,1
DA:6,1
DA:9,1
DA:10,1
DA:11,1
DA:13,1
DA:14,0
DA:20,1
DA:22,1
DA:23,0
DA:28,1
DA:35,1
DA:37,0
DA:45,1
DA:46,1
DA:47,1
DA:50,1
DA:51,0
DA:56,1
DA:58,1
DA:59,0
DA:65,1
DA:67,1
DA:68,0
DA:74,1
DA:76,0
DA:84,1
DA:85,0
DA:86,0
DA:88,0
DA:89,0
DA:98,0
DA:101,0
DA:102,0
DA:110,0
DA:112,0
DA:120,1
DA:121,1
DA:122,1
DA:123,1
DA:126,1
DA:128,0
DA:136,1
DA:137,0
DA:138,0
DA:140,0
DA:142,0
DA:143,0
DA:153,0
DA:154,0
DA:155,0
DA:156,0
DA:157,0
DA:159,0
DA:160,0
DA:162,0
DA:163,0
DA:165,0
DA:170,1
DA:171,0
DA:172,0
DA:173,0
DA:175,0
DA:180,1
DA:181,1
DA:187,1
DA:194,1
DA:195,0
DA:196,0
DA:198,0
DA:200,0
DA:201,0
DA:207,0
DA:210,0
DA:212,0
DA:214,0
DA:219,0
LF:81
LH:35
BRDA:13,0,0,0
BRDA:13,0,1,1
BRDA:13,1,0,1
BRDA:13,1,1,1
BRDA:13,1,2,1
BRDA:22,2,0,0
BRDA:22,2,1,1
BRDA:50,3,0,0
BRDA:50,3,1,1
BRDA:50,4,0,1
BRDA:50,4,1,1
BRDA:58,5,0,0
BRDA:58,5,1,1
BRDA:67,6,0,0
BRDA:67,6,1,1
BRDA:88,7,0,0
BRDA:88,7,1,0
BRDA:88,8,0,0
BRDA:88,8,1,0
BRDA:101,9,0,0
BRDA:101,9,1,0
BRDA:142,10,0,0
BRDA:142,10,1,0
BRDA:154,11,0,0
BRDA:154,11,1,0
BRDA:154,12,0,0
BRDA:154,12,1,0
BRDA:156,13,0,0
BRDA:156,13,1,0
BRDA:156,14,0,0
BRDA:156,14,1,0
BRDA:200,15,0,0
BRDA:200,15,1,0
BRF:33
BRH:10
end_of_record
TN:
SF:models\Booking.js
FNF:0
FNH:0
DA:1,3
DA:3,3
DA:36,3
DA:38,3
LF:4
LH:4
BRF:0
BRH:0
end_of_record
TN:
SF:models\Place.js
FNF:0
FNH:0
DA:1,3
DA:3,3
DA:9,3
DA:17,3
DA:67,3
DA:70,3
LF:6
LH:6
BRDA:67,0,0,3
BRDA:67,0,1,3
BRF:2
BRH:2
end_of_record
TN:
SF:models\User.js
FN:41,(anonymous_0)
FN:46,(anonymous_1)
FN:53,(anonymous_2)
FNF:3
FNH:0
FNDA:0,(anonymous_0)
FNDA:0,(anonymous_1)
FNDA:0,(anonymous_2)
DA:1,4
DA:2,4
DA:3,4
DA:5,4
DA:41,4
DA:42,0
DA:46,4
DA:47,0
DA:53,4
DA:54,0
DA:57,4
DA:59,4
LF:12
LH:9
BRF:0
BRH:0
end_of_record
TN:
SF:utils\cookieToken.js
FN:1,(anonymous_0)
FNF:1
FNH:0
FNDA:0,(anonymous_0)
DA:1,1
DA:2,0
DA:4,0
DA:14,0
DA:15,0
DA:22,1
LF:6
LH:2
BRF:0
BRH:0
end_of_record
